[INFO] Analyzing clustering results for: kmeans (results will be saved in /home/rubesh/Desktop/sweta/google_review_collection_POI_task/singapore_foursquare_dataset_analysis/Code_Freeze_Changes/c2_clustering/c2_post_clustering_analysis/c1_output/kmeans)

[INFO] Cluster size distribution:
Cluster 0: 66 users (3.3%)
Cluster 1: 117 users (5.9%)
Cluster 2: 47 users (2.4%)
Cluster 3: 48 users (2.4%)
Cluster 4: 48 users (2.4%)
Cluster 5: 24 users (1.2%)
Cluster 6: 9 users (0.4%)
Cluster 7: 1586 users (79.3%)
Cluster 8: 43 users (2.1%)
Cluster 9: 12 users (0.6%)

[INFO] Saved user-cluster mapping to /home/rubesh/Desktop/sweta/google_review_collection_POI_task/singapore_foursquare_dataset_analysis/Code_Freeze_Changes/c2_clustering/c2_post_clustering_analysis/c1_output/kmeans/user_cluster_mapping.csv
[INFO] Analyzing cluster quality...
[INFO] Total number of users: 100
[INFO] Processing user vectors...
[INFO] Performing dimensionality reduction...
[INFO] Explained variance ratio: 1.0000
[INFO] Scaling features...
[INFO] Selecting features with high variance...
[INFO] Final processed shape: (100, 50)

[INFO] Calculating clustering metrics...

Clustering Quality Metrics:
Silhouette Score: 0.3465 (range: [-1, 1], higher is better)
Calinski-Harabasz Score: 2.2677 (higher is better)
Davies-Bouldin Score: 2.1339 (lower is better)

[INFO] Cluster size distribution:
Cluster 0: 1 users (1.0%)
Cluster 1: 9 users (9.0%)
Cluster 2: 1 users (1.0%)
Cluster 3: 3 users (3.0%)
Cluster 4: 3 users (3.0%)
Cluster 5: 1 users (1.0%)
Cluster 6: 1 users (1.0%)
Cluster 7: 78 users (78.0%)
Cluster 8: 3 users (3.0%)

[INFO] Clustering quality metrics (sample of 100 users) for kmeans:
silhouette: 0.3464730077766545
calinski: 2.2676639148292783
davies: 2.1338625650152196
cluster_sizes: [1, 9, 1, 3, 3, 1, 1, 78, 3]
size_std: 23.769468953280963
size_ratio: 78.0
[WARNING] Could not create batchwise PCA scatter plot for kmeans: [Errno 2] No such file or directory: '/home/rubesh/Desktop/sweta/google_review_collection_POI_task/singapore_foursquare_dataset_analysis/Code_Freeze_Changes/c2_clustering/c1_output/user_cluster_labels.npy'
[INFO] Analyzing clustering results for: dbscan (results will be saved in /home/rubesh/Desktop/sweta/google_review_collection_POI_task/singapore_foursquare_dataset_analysis/Code_Freeze_Changes/c2_clustering/c2_post_clustering_analysis/c1_output/dbscan)

[INFO] Cluster size distribution:
Cluster 0: 1543 users (77.1%)
Cluster 1: 10 users (0.5%)
Cluster 2: 7 users (0.4%)
Cluster 3: 8 users (0.4%)
Cluster 4: 7 users (0.4%)
Cluster 5: 0 users (0.0%)

[INFO] Saved user-cluster mapping to /home/rubesh/Desktop/sweta/google_review_collection_POI_task/singapore_foursquare_dataset_analysis/Code_Freeze_Changes/c2_clustering/c2_post_clustering_analysis/c1_output/dbscan/user_cluster_mapping.csv
[INFO] Analyzing cluster quality...
[INFO] Total number of users: 100
[INFO] Processing user vectors...
[INFO] Performing dimensionality reduction...
[INFO] Explained variance ratio: 1.0000
[INFO] Scaling features...
[INFO] Selecting features with high variance...
[INFO] Final processed shape: (100, 50)

[INFO] Calculating clustering metrics...

Clustering Quality Metrics:
Silhouette Score: 0.3461 (range: [-1, 1], higher is better)
Calinski-Harabasz Score: 2.1868 (higher is better)
Davies-Bouldin Score: 3.8265 (lower is better)

[INFO] Cluster size distribution:
Cluster -1: 23 users (23.0%)
Cluster 0: 74 users (74.0%)
Cluster 1: 2 users (2.0%)
Cluster 2: 1 users (1.0%)

[INFO] Clustering quality metrics (sample of 100 users) for dbscan:
silhouette: 0.3460659121070727
calinski: 2.186834133615632
davies: 3.826466597420801
cluster_sizes: [23, 74, 2, 1]
size_std: 29.62262648719725
size_ratio: 74.0
[WARNING] Could not create batchwise PCA scatter plot for dbscan: [Errno 2] No such file or directory: '/home/rubesh/Desktop/sweta/google_review_collection_POI_task/singapore_foursquare_dataset_analysis/Code_Freeze_Changes/c2_clustering/c1_output/user_cluster_labels.npy'
[INFO] Analyzing clustering results for: agg (results will be saved in /home/rubesh/Desktop/sweta/google_review_collection_POI_task/singapore_foursquare_dataset_analysis/Code_Freeze_Changes/c2_clustering/c2_post_clustering_analysis/c1_output/agg)

[INFO] Cluster size distribution:
Cluster 0: 24 users (1.2%)
Cluster 1: 1921 users (96.0%)
Cluster 2: 5 users (0.2%)
Cluster 3: 21 users (1.1%)
Cluster 4: 12 users (0.6%)
Cluster 5: 4 users (0.2%)
Cluster 6: 5 users (0.2%)
Cluster 7: 1 users (0.1%)
Cluster 8: 3 users (0.1%)
Cluster 9: 4 users (0.2%)

[INFO] Saved user-cluster mapping to /home/rubesh/Desktop/sweta/google_review_collection_POI_task/singapore_foursquare_dataset_analysis/Code_Freeze_Changes/c2_clustering/c2_post_clustering_analysis/c1_output/agg/user_cluster_mapping.csv
[INFO] Analyzing cluster quality...
[INFO] Total number of users: 100
[INFO] Processing user vectors...
[INFO] Performing dimensionality reduction...
[INFO] Explained variance ratio: 1.0000
[INFO] Scaling features...
[INFO] Selecting features with high variance...
[INFO] Final processed shape: (100, 50)

[INFO] Calculating clustering metrics...

Clustering Quality Metrics:
Silhouette Score: 0.3524 (range: [-1, 1], higher is better)
Calinski-Harabasz Score: 2.4624 (higher is better)
Davies-Bouldin Score: 1.6886 (lower is better)

[INFO] Cluster size distribution:
Cluster 0: 3 users (3.0%)
Cluster 1: 96 users (96.0%)
Cluster 4: 1 users (1.0%)

[INFO] Clustering quality metrics (sample of 100 users) for agg:
silhouette: 0.3524055230246645
calinski: 2.4624476195767904
davies: 1.6885824401735479
cluster_sizes: [3, 96, 1]
size_std: 44.31954672852851
size_ratio: 96.0
[WARNING] Could not create batchwise PCA scatter plot for agg: [Errno 2] No such file or directory: '/home/rubesh/Desktop/sweta/google_review_collection_POI_task/singapore_foursquare_dataset_analysis/Code_Freeze_Changes/c2_clustering/c1_output/user_cluster_labels.npy'
[INFO] Analyzing clustering results for: gmm (results will be saved in /home/rubesh/Desktop/sweta/google_review_collection_POI_task/singapore_foursquare_dataset_analysis/Code_Freeze_Changes/c2_clustering/c2_post_clustering_analysis/c1_output/gmm)

[INFO] Cluster size distribution:
Cluster 0: 454 users (22.7%)
Cluster 1: 2 users (0.1%)
Cluster 2: 5 users (0.2%)
Cluster 3: 5 users (0.2%)
Cluster 4: 9 users (0.4%)
Cluster 5: 3 users (0.1%)
Cluster 6: 1 users (0.1%)
Cluster 7: 4 users (0.2%)
Cluster 8: 1 users (0.1%)
Cluster 9: 1516 users (75.8%)

[INFO] Saved user-cluster mapping to /home/rubesh/Desktop/sweta/google_review_collection_POI_task/singapore_foursquare_dataset_analysis/Code_Freeze_Changes/c2_clustering/c2_post_clustering_analysis/c1_output/gmm/user_cluster_mapping.csv
[INFO] Analyzing cluster quality...
[INFO] Total number of users: 100
[INFO] Processing user vectors...
[INFO] Performing dimensionality reduction...
[INFO] Explained variance ratio: 1.0000
[INFO] Scaling features...
[INFO] Selecting features with high variance...
[INFO] Final processed shape: (100, 50)

[INFO] Calculating clustering metrics...

Clustering Quality Metrics:
Silhouette Score: 0.3459 (range: [-1, 1], higher is better)
Calinski-Harabasz Score: 1.6441 (higher is better)
Davies-Bouldin Score: 6.5793 (lower is better)

[INFO] Cluster size distribution:
Cluster 0: 27 users (27.0%)
Cluster 9: 73 users (73.0%)

[INFO] Clustering quality metrics (sample of 100 users) for gmm:
silhouette: 0.3458819930393676
calinski: 1.644051858217754
davies: 6.579270059482569
cluster_sizes: [27, 73]
size_std: 23.0
size_ratio: 2.7037037037037037
[WARNING] Could not create batchwise PCA scatter plot for gmm: [Errno 2] No such file or directory: '/home/rubesh/Desktop/sweta/google_review_collection_POI_task/singapore_foursquare_dataset_analysis/Code_Freeze_Changes/c2_clustering/c1_output/user_cluster_labels.npy'
[INFO] Batch-wise post-clustering analysis complete!
